IQ-TREE multicore version 1.6.12 for Linux 64-bit built Aug 15 2019
Developed by Bui Quang Minh, Nguyen Lam Tung, Olga Chernomor,
Heiko Schmidt, Dominik Schrempf, Michael Woodhams.

Host:    rabi (SSE4.2, 15 GB RAM)
Command: ../../iqtree -s 12s_ncbi_ed_cut_realn_filtered.fasta -m TIM2+I+G4+F -bb 1000
Seed:    379650 (Using SPRNG - Scalable Parallel Random Number Generator)
Time:    Tue Nov 30 18:13:16 2021
Kernel:  SSE2 - 1 threads (24 CPU cores detected)

HINT: Use -nt option to specify number of threads because your CPU has 24 cores!
HINT: -nt AUTO will automatically determine the best number of threads to use.

Reading alignment file 12s_ncbi_ed_cut_realn_filtered.fasta ... Fasta format detected
Alignment most likely contains DNA/RNA sequences
Alignment has 17 sequences with 541 columns, 170 distinct patterns
109 parsimony-informative, 60 singleton sites, 372 constant sites
                                    Gap/Ambiguity  Composition  p-value
   1  NC_003713_Haematopus_ater             0.00%    passed     89.71%
   2  DQ485792_Charadrius_vociferus         0.00%    passed     98.30%
   3  EU167040_Charadrius_semipalmatus      0.00%    passed     96.94%
   4  EF373078_Elseyornis_melanops          0.00%    passed     96.93%
   5  EF373113_Thinornis_novaeseelandiae    0.00%    passed     91.72%
   6  EF380263_Anarhynchus_frontalis        0.00%    passed     99.31%
   7  EF373098_Peltohyas_australis          0.00%    passed     94.02%
   8  NC_041118_Charadrius_alexandrinus     0.00%    passed     99.38%
   9  MW298528_Charadrius_mongolus          0.00%    passed     99.92%
  10  EF373096_Oreopholus_ruficollis        0.00%    passed     99.42%
  11  EF373101_Pluvialis_squatarola         0.00%    passed     87.21%
  12  EF373115_Vanellus_chilensis           0.18%    passed     98.97%
  13  NC_025637_Vanellus_vanellus           0.18%    passed     98.65%
  14  EF373099_Phegornis_mitchellii         1.11%    passed     70.28%
  15  EF373080_Charadrius_morinellus        0.00%    passed     98.86%
  16  EF373079_Erythrogonys_cinctus         0.00%    passed     74.44%
  17  KF357995_Charadrius_obscurus         70.43%    passed     44.69%
WARNING: 1 sequences contain more than 50% gaps/ambiguity
****  TOTAL                                 4.23%  0 sequences failed composition chi2 test (p-value<5%; df=3)

Create initial parsimony tree by phylogenetic likelihood library (PLL)... 0.001 seconds
Generating 1000 samples for ultrafast bootstrap (seed: 379650)...

NOTE: 1 MB RAM (0 GB) is required!
Estimate model parameters (epsilon = 0.100)
Thoroughly optimizing +I+G parameters from 10 start values...
Init pinv, alpha: 0.000, 1.000 / Estimate: 0.000, 0.203 / LogL: -2397.469
Init pinv, alpha: 0.076, 1.000 / Estimate: 0.078, 0.234 / LogL: -2396.954
Init pinv, alpha: 0.153, 1.000 / Estimate: 0.156, 0.274 / LogL: -2396.502
Init pinv, alpha: 0.229, 1.000 / Estimate: 0.234, 0.325 / LogL: -2396.125
Init pinv, alpha: 0.306, 1.000 / Estimate: 0.312, 0.400 / LogL: -2395.805
Init pinv, alpha: 0.382, 1.000 / Estimate: 0.390, 0.513 / LogL: -2395.493
Init pinv, alpha: 0.458, 1.000 / Estimate: 0.465, 0.701 / LogL: -2395.170
Init pinv, alpha: 0.535, 1.000 / Estimate: 0.533, 1.034 / LogL: -2394.948
Init pinv, alpha: 0.611, 1.000 / Estimate: 0.582, 1.523 / LogL: -2395.123
Init pinv, alpha: 0.688, 1.000 / Estimate: 0.583, 1.535 / LogL: -2395.130
Optimal pinv,alpha: 0.533, 1.034 / LogL: -2394.948

Parameters optimization took 0.441 sec
Computing ML distances based on estimated model parameters... 0.003 sec
Computing BIONJ tree...
0.045 seconds
Log-likelihood of BIONJ tree: -2393.524
--------------------------------------------------------------------
|             INITIALIZING CANDIDATE TREE SET                      |
--------------------------------------------------------------------
Generating 98 parsimony trees... 0.082 second
Computing log-likelihood of 98 initial trees ... 0.266 seconds
Current best score: -2392.524

Do NNI search on 20 best initial trees
Estimate model parameters (epsilon = 0.100)

WARNING: Estimated model parameters are at boundary that can cause numerical instability!

BETTER TREE FOUND at iteration 1: -2387.393
UPDATE BEST LOG-LIKELIHOOD: -2387.393
Estimate model parameters (epsilon = 0.100)

WARNING: Estimated model parameters are at boundary that can cause numerical instability!

BETTER TREE FOUND at iteration 9: -2386.600
Iteration 10 / LogL: -2391.241 / Time: 0h:0m:1s
Estimate model parameters (epsilon = 0.100)

WARNING: Estimated model parameters are at boundary that can cause numerical instability!

BETTER TREE FOUND at iteration 12: -2386.090
Iteration 20 / LogL: -2392.095 / Time: 0h:0m:1s
Finish initializing candidate tree set (17)
Current best tree score: -2386.090 / CPU time: 1.385
Number of iterations: 20
--------------------------------------------------------------------
|               OPTIMIZING CANDIDATE TREE SET                      |
--------------------------------------------------------------------
UPDATE BEST LOG-LIKELIHOOD: -2386.090
Iteration 30 / LogL: -2386.091 / Time: 0h:0m:2s (0h:0m:6s left)
UPDATE BEST LOG-LIKELIHOOD: -2386.090
Iteration 40 / LogL: -2386.120 / Time: 0h:0m:2s (0h:0m:5s left)
Iteration 50 / LogL: -2386.097 / Time: 0h:0m:3s (0h:0m:4s left)
Log-likelihood cutoff on original alignment: -2417.133
Iteration 60 / LogL: -2387.062 / Time: 0h:0m:3s (0h:0m:3s left)
UPDATE BEST LOG-LIKELIHOOD: -2386.090
Iteration 70 / LogL: -2386.619 / Time: 0h:0m:4s (0h:0m:2s left)
Iteration 80 / LogL: -2387.061 / Time: 0h:0m:4s (0h:0m:1s left)
Iteration 90 / LogL: -2387.261 / Time: 0h:0m:5s (0h:0m:1s left)
Iteration 100 / LogL: -2387.839 / Time: 0h:0m:5s (0h:0m:0s left)
Log-likelihood cutoff on original alignment: -2417.133
NOTE: Bootstrap correlation coefficient of split occurrence frequencies: 0.996
Iteration 110 / LogL: -2387.061 / Time: 0h:0m:6s (0h:0m:5s left)
TREE SEARCH COMPLETED AFTER 113 ITERATIONS / Time: 0h:0m:6s

--------------------------------------------------------------------
|                    FINALIZING TREE SEARCH                        |
--------------------------------------------------------------------
Performs final model parameters optimization
Estimate model parameters (epsilon = 0.010)
1. Initial log-likelihood: -2386.090
Optimal log-likelihood: -2386.085
Rate parameters:  A-C: 5.19437  A-G: 48.22918  A-T: 5.19437  C-G: 1.00000  C-T: 99.94483  G-T: 1.00000
Base frequencies:  A: 0.319  C: 0.293  G: 0.201  T: 0.187
Proportion of invariable sites: 0.535
Gamma shape alpha: 1.041
Parameters optimization took 1 rounds (0.015 sec)

WARNING: Estimated model parameters are at boundary that can cause numerical instability!

BEST SCORE FOUND : -2386.085
Creating bootstrap support values...
Split supports printed to NEXUS file 12s_ncbi_ed_cut_realn_filtered.fasta.splits.nex
Total tree length: 1.018

Total number of iterations: 113
CPU time used for tree search: 5.379 sec (0h:0m:5s)
Wall-clock time used for tree search: 5.818 sec (0h:0m:5s)
Total CPU time used: 5.916 sec (0h:0m:5s)
Total wall-clock time used: 6.588 sec (0h:0m:6s)

Computing bootstrap consensus tree...
Reading input file 12s_ncbi_ed_cut_realn_filtered.fasta.splits.nex...
17 taxa and 239 splits.
Consensus tree written to 12s_ncbi_ed_cut_realn_filtered.fasta.contree
Reading input trees file 12s_ncbi_ed_cut_realn_filtered.fasta.contree
Log-likelihood of consensus tree: -2386.627

Analysis results written to: 
  IQ-TREE report:                12s_ncbi_ed_cut_realn_filtered.fasta.iqtree
  Maximum-likelihood tree:       12s_ncbi_ed_cut_realn_filtered.fasta.treefile
  Likelihood distances:          12s_ncbi_ed_cut_realn_filtered.fasta.mldist

Ultrafast bootstrap approximation results written to:
  Split support values:          12s_ncbi_ed_cut_realn_filtered.fasta.splits.nex
  Consensus tree:                12s_ncbi_ed_cut_realn_filtered.fasta.contree
  Screen log file:               12s_ncbi_ed_cut_realn_filtered.fasta.log

Date and Time: Tue Nov 30 18:13:23 2021
